Removed Pin From Net: NetName=G5 Pin=J4-9
Removed Pin From Net: NetName=G6 Pin=J4-11
Removed Pin From Net: NetName=LE Pin=J4-12
Removed Pin From Net: NetName=LB Pin=J4-13
Removed Pin From Net: NetName=LD Pin=J4-14
Removed Pin From Net: NetName=LAT Pin=J4-15
Removed Pin From Net: NetName=GND Pin=J4-16
Removed Pin From Net: NetName=G3 Pin=J5-9
Removed Pin From Net: NetName=G4 Pin=J5-11
Removed Pin From Net: NetName=LE Pin=J5-12
Removed Pin From Net: NetName=LB Pin=J5-13
Removed Pin From Net: NetName=LD Pin=J5-14
Removed Pin From Net: NetName=LAT Pin=J5-15
Removed Pin From Net: NetName=GND Pin=J5-16
Change Component Footprint: Designator=J4 Old Footprint=61301621821 New Footprint=66101621622
Change Component Footprint: Designator=J5 Old Footprint=61301621821 New Footprint=66101621622
Change Component Comment : Designator=J4 Old Comment=61301621821 New Comment=66101621622
Change Component Comment : Designator=J5 Old Comment=61301621821 New Comment=66101621622
Change component parameters: Designator = "J4" ("J4"); Footprint = "61301621821"; UniqueID = "\TKKYDPZC" ("\TKKYDPZC")
Change component parameters (AddParameter): Name = "ComponentLink1 Description"; Value = "Manufacturer"; VariantName = "[No Variations]"
Change component parameters (AddParameter): Name = "ComponentLink1URL"; Value = "http://www.we-online.com"; VariantName = "[No Variations]"
Change component parameters (AddParameter): Name = "ComponentLink2 Description"; Value = "Datasheet"; VariantName = "[No Variations]"
Change component parameters (AddParameter): Name = "ComponentLink2URL"; Value = "http://katalog.we-online.de/em/datasheet/6610XX11622.pdf"; VariantName = "[No Variations]"
Change component parameters (AddParameter): Name = "Created by"; Value = "Baojun Chen"; VariantName = "[No Variations]"
Change component parameters (AddParameter): Name = "Created Date"; Value = "March 2016"; VariantName = "[No Variations]"
Change component parameters (AddParameter): Name = "Manufacturer"; Value = "Wurth Elektronik"; VariantName = "[No Variations]"
Change component parameters (AddParameter): Name = "NoPins"; Value = "16"; VariantName = "[No Variations]"
Change component parameters (AddParameter): Name = "partNo"; Value = "66101621622"; VariantName = "[No Variations]"
Change component parameters: Designator = "J5" ("J5"); Footprint = "61301621821"; UniqueID = "\IGFGSGFO" ("\IGFGSGFO")
Change component parameters (AddParameter): Name = "ComponentLink1 Description"; Value = "Manufacturer"; VariantName = "[No Variations]"
Change component parameters (AddParameter): Name = "ComponentLink1URL"; Value = "http://www.we-online.com"; VariantName = "[No Variations]"
Change component parameters (AddParameter): Name = "ComponentLink2 Description"; Value = "Datasheet"; VariantName = "[No Variations]"
Change component parameters (AddParameter): Name = "ComponentLink2URL"; Value = "http://katalog.we-online.de/em/datasheet/6610XX11622.pdf"; VariantName = "[No Variations]"
Change component parameters (AddParameter): Name = "Created by"; Value = "Baojun Chen"; VariantName = "[No Variations]"
Change component parameters (AddParameter): Name = "Created Date"; Value = "March 2016"; VariantName = "[No Variations]"
Change component parameters (AddParameter): Name = "Manufacturer"; Value = "Wurth Elektronik"; VariantName = "[No Variations]"
Change component parameters (AddParameter): Name = "NoPins"; Value = "16"; VariantName = "[No Variations]"
Change component parameters (AddParameter): Name = "partNo"; Value = "66101621622"; VariantName = "[No Variations]"
Added Pin To Net: NetName=GND Pin=J4-9
Added Pin To Net: NetName=LAT Pin=J4-10
Added Pin To Net: NetName=LD Pin=J4-11
Added Pin To Net: NetName=LB Pin=J4-12
Added Pin To Net: NetName=LE Pin=J4-13
Added Pin To Net: NetName=G6 Pin=J4-14
Added Pin To Net: NetName=G5 Pin=J4-16
Added Pin To Net: NetName=GND Pin=J5-9
Added Pin To Net: NetName=LAT Pin=J5-10
Added Pin To Net: NetName=LD Pin=J5-11
Added Pin To Net: NetName=LB Pin=J5-12
Added Pin To Net: NetName=LE Pin=J5-13
Added Pin To Net: NetName=G4 Pin=J5-14
Added Pin To Net: NetName=G3 Pin=J5-16
