Removed Pin From Net: NetName=G3 Pin=J5-1
Removed Pin From Net: NetName=G4 Pin=J5-3
Removed Pin From Net: NetName=LE Pin=J5-4
Removed Pin From Net: NetName=LB Pin=J5-5
Removed Pin From Net: NetName=LD Pin=J5-6
Removed Pin From Net: NetName=LAT Pin=J5-7
Removed Pin From Net: NetName=GND Pin=J5-8
Removed Pin From Net: NetName=R3 Pin=J5-9
Removed Pin From Net: NetName=B3 Pin=J5-10
Removed Pin From Net: NetName=R4 Pin=J5-11
Removed Pin From Net: NetName=B4 Pin=J5-12
Removed Pin From Net: NetName=LA Pin=J5-13
Removed Pin From Net: NetName=LC Pin=J5-14
Removed Pin From Net: NetName=CLK Pin=J5-15
Removed Pin From Net: NetName=OE Pin=J5-16
Added Pin To Net: NetName=R3 Pin=J5-1
Added Pin To Net: NetName=B3 Pin=J5-2
Added Pin To Net: NetName=R4 Pin=J5-3
Added Pin To Net: NetName=B4 Pin=J5-4
Added Pin To Net: NetName=LA Pin=J5-5
Added Pin To Net: NetName=LC Pin=J5-6
Added Pin To Net: NetName=CLK Pin=J5-7
Added Pin To Net: NetName=OE Pin=J5-8
Added Pin To Net: NetName=G3 Pin=J5-9
Added Pin To Net: NetName=G4 Pin=J5-11
Added Pin To Net: NetName=LE Pin=J5-12
Added Pin To Net: NetName=LB Pin=J5-13
Added Pin To Net: NetName=LD Pin=J5-14
Added Pin To Net: NetName=LAT Pin=J5-15
Added Pin To Net: NetName=GND Pin=J5-16
Added Member To Class: ClassName=CMD Member=Wire CLK
Added Member To Class: ClassName=PORT Member=Wire LA
Added Member To Class: ClassName=PORT Member=Wire LD
