Removed Pin From Net: NetName=R7 Pin=J3-1
Removed Pin From Net: NetName=B7 Pin=J3-2
Removed Pin From Net: NetName=R8 Pin=J3-3
Removed Pin From Net: NetName=B8 Pin=J3-4
Removed Pin From Net: NetName=OE Pin=J3-8
Removed Pin From Net: NetName=G7 Pin=J3-9
Removed Pin From Net: NetName=G8 Pin=J3-11
Removed Pin From Net: NetName=LE Pin=J3-12
Removed Pin From Net: NetName=GND Pin=J3-16
Removed Pin From Net: NetName=R5 Pin=J4-1
Removed Pin From Net: NetName=B5 Pin=J4-2
Removed Pin From Net: NetName=R6 Pin=J4-3
Removed Pin From Net: NetName=B6 Pin=J4-4
Removed Pin From Net: NetName=OE Pin=J4-8
Removed Pin From Net: NetName=G5 Pin=J4-9
Removed Pin From Net: NetName=G6 Pin=J4-11
Removed Pin From Net: NetName=LE Pin=J4-12
Removed Pin From Net: NetName=GND Pin=J4-16
Removed Pin From Net: NetName=R3 Pin=J5-1
Removed Pin From Net: NetName=B3 Pin=J5-2
Removed Pin From Net: NetName=R4 Pin=J5-3
Removed Pin From Net: NetName=B4 Pin=J5-4
Removed Pin From Net: NetName=OE Pin=J5-8
Removed Pin From Net: NetName=G3 Pin=J5-9
Removed Pin From Net: NetName=G4 Pin=J5-11
Removed Pin From Net: NetName=LE Pin=J5-12
Removed Pin From Net: NetName=GND Pin=J5-16
Removed Pin From Net: NetName=R1 Pin=J6-1
Removed Pin From Net: NetName=B1 Pin=J6-2
Removed Pin From Net: NetName=R2 Pin=J6-3
Removed Pin From Net: NetName=B2 Pin=J6-4
Removed Pin From Net: NetName=OE Pin=J6-8
Removed Pin From Net: NetName=G1 Pin=J6-9
Removed Pin From Net: NetName=G2 Pin=J6-11
Removed Pin From Net: NetName=LE Pin=J6-12
Removed Pin From Net: NetName=GND Pin=J6-16
Removed Pin From Net: NetName=LA Pin=U1-15
Removed Pin From Net: NetName=LB Pin=U1-16
Removed Pin From Net: NetName=LC Pin=U1-17
Removed Pin From Net: NetName=LD Pin=U1-18
Removed Pin From Net: NetName=LAT Pin=U1-22
Removed Pin From Net: NetName=CLK Pin=U1-24
Added Pin To Net: NetName=G7 Pin=J3-1
Added Pin To Net: NetName=G8 Pin=J3-3
Added Pin To Net: NetName=LE Pin=J3-4
Added Pin To Net: NetName=GND Pin=J3-8
Added Pin To Net: NetName=R7 Pin=J3-9
Added Pin To Net: NetName=B7 Pin=J3-10
Added Pin To Net: NetName=R8 Pin=J3-11
Added Pin To Net: NetName=B8 Pin=J3-12
Added Pin To Net: NetName=OE Pin=J3-16
Added Pin To Net: NetName=G5 Pin=J4-1
Added Pin To Net: NetName=G6 Pin=J4-3
Added Pin To Net: NetName=LE Pin=J4-4
Added Pin To Net: NetName=GND Pin=J4-8
Added Pin To Net: NetName=R5 Pin=J4-9
Added Pin To Net: NetName=B5 Pin=J4-10
Added Pin To Net: NetName=R6 Pin=J4-11
Added Pin To Net: NetName=B6 Pin=J4-12
Added Pin To Net: NetName=OE Pin=J4-16
Added Pin To Net: NetName=G3 Pin=J5-1
Added Pin To Net: NetName=G4 Pin=J5-3
Added Pin To Net: NetName=LE Pin=J5-4
Added Pin To Net: NetName=GND Pin=J5-8
Added Pin To Net: NetName=R3 Pin=J5-9
Added Pin To Net: NetName=B3 Pin=J5-10
Added Pin To Net: NetName=R4 Pin=J5-11
Added Pin To Net: NetName=B4 Pin=J5-12
Added Pin To Net: NetName=OE Pin=J5-16
Added Pin To Net: NetName=G1 Pin=J6-1
Added Pin To Net: NetName=G2 Pin=J6-3
Added Pin To Net: NetName=LE Pin=J6-4
Added Pin To Net: NetName=GND Pin=J6-8
Added Pin To Net: NetName=R1 Pin=J6-9
Added Pin To Net: NetName=B1 Pin=J6-10
Added Pin To Net: NetName=R2 Pin=J6-11
Added Pin To Net: NetName=B2 Pin=J6-12
Added Pin To Net: NetName=OE Pin=J6-16
Added Pin To Net: NetName=LB Pin=U1-15
Added Pin To Net: NetName=LA Pin=U1-16
Added Pin To Net: NetName=LD Pin=U1-17
Added Pin To Net: NetName=LC Pin=U1-18
Added Pin To Net: NetName=CLK Pin=U1-22
Added Pin To Net: NetName=LAT Pin=U1-24
Change Net Name : Old Net Name=CLK New Net Name=LAT
Change Net Name : Old Net Name=LA New Net Name=LB
Change Net Name : Old Net Name=LAT New Net Name=CLK
Change Net Name : Old Net Name=LB New Net Name=LA
Change Net Name : Old Net Name=LC New Net Name=LD
Change Net Name : Old Net Name=LD New Net Name=LC
Added Member To Class: ClassName=PORT Member=Wire LE
