ARM GAS  C:\Users\KhanhTD8\AppData\Local\Temp\cci10Btm.s 			page 1


   1              		.cpu cortex-m7
   2              		.eabi_attribute 28, 1
   3              		.eabi_attribute 20, 1
   4              		.eabi_attribute 21, 1
   5              		.eabi_attribute 23, 3
   6              		.eabi_attribute 24, 1
   7              		.eabi_attribute 25, 1
   8              		.eabi_attribute 26, 1
   9              		.eabi_attribute 30, 4
  10              		.eabi_attribute 34, 1
  11              		.eabi_attribute 18, 4
  12              		.file	"glcdfont.c"
  13              		.text
  14              		.global	font
  15              		.section	.rodata.font,"a"
  18              	font:
  19 0000 00000000 		.ascii	"\000\000\000\000\000>[O[>>kOk>\034>|>\034\030<~<\030"
  19      003E5B4F 
  19      5B3E3E6B 
  19      4F6B3E1C 
  19      3E7C3E1C 
  20 0019 1C577D57 		.ascii	"\034W}W\034\034^\177^\034\000\030<\030\000\377\347\303"
  20      1C1C5E7F 
  20      5E1C0018 
  20      3C1800FF 
  20      E7C3
  21 002b E7FF0018 		.ascii	"\347\377\000\030$\030\000\377\347\333\347\3770H:\006"
  21      241800FF 
  21      E7DBE7FF 
  21      30483A06 
  22 003b 0E262979 		.ascii	"\016&)y)&@\177\005\005\007@\177\005%?Z<\347<Z\177>\034"
  22      2926407F 
  22      05050740 
  22      7F05253F 
  22      5A3CE73C 
  23 0053 1C08081C 		.ascii	"\034\010\010\034\034>\177\024\"\177\"\024__\000__\006"
  23      1C3E7F14 
  23      227F2214 
  23      5F5F005F 
  23      5F06
  24 0065 097F017F 		.ascii	"\011\177\001\177\000f\211\225j`````\224\242\377\242"
  24      00668995 
  24      6A606060 
  24      606094A2 
  24      FFA2
  25 0077 9408047E 		.ascii	"\224\010\004~\004\010\020 ~ \020\010\010*\034\010\010"
  25      04081020 
  25      7E201008 
  25      082A1C08 
  25      08
  26 0088 1C2A0808 		.ascii	"\034*\010\010\036\020\020\020\020\014\036\014\036\014"
  26      1E101010 
  26      100C1E0C 
  26      1E0C
  27 0096 30383E38 		.ascii	"08>80\006\016>\016\006\000\000\000\000\000\000\000_"
  27      30060E3E 
  27      0E060000 
ARM GAS  C:\Users\KhanhTD8\AppData\Local\Temp\cci10Btm.s 			page 2


  27      00000000 
  27      005F
  28 00a8 00000007 		.ascii	"\000\000\000\007\000\007\000\024\177\024\177\024$*\177"
  28      00070014 
  28      7F147F14 
  28      242A7F
  29 00b7 2A122313 		.ascii	"*\022#\023\010db6IV P\000\010\007\003\000\000\034\""
  29      08646236 
  29      49562050 
  29      00080703 
  29      00001C22 
  30 00cb 41000041 		.ascii	"A\000\000A\"\034\000*\034\177\034*\010\010>\010\010"
  30      221C002A 
  30      1C7F1C2A 
  30      08083E08 
  30      08
  31 00dc 00807030 		.ascii	"\000\200p0\000\010\010\010\010\010\000\000``\000 \020"
  31      00080808 
  31      08080000 
  31      60600020 
  31      10
  32 00ed 0804023E 		.ascii	"\010\004\002>QIE>\000B\177@\000rIIIF!AIM3\030\024\022"
  32      5149453E 
  32      00427F40 
  32      00724949 
  32      49462141 
  33 0107 7F102745 		.ascii	"\177\020'EEE9<JII1A!\021\011\0076III6FII)\036\000\000"
  33      4545393C 
  33      4A494931 
  33      41211109 
  33      07364949 
  34 0124 14000000 		.ascii	"\024\000\000\000@4\000\000\000\010\024\"A\024\024\024"
  34      40340000 
  34      00081422 
  34      41141414 
  35 0134 14140041 		.ascii	"\024\024\000A\"\024\010\002\001Y\011\006>A]YN|\022\021"
  35      22140802 
  35      01590906 
  35      3E415D59 
  35      4E7C1211 
  36 0148 127C7F49 		.ascii	"\022|\177III6>AAA\"\177AAA>\177IIIA\177\011\011\011"
  36      4949363E 
  36      41414122 
  36      7F414141 
  36      3E7F4949 
  37 0162 013E4141 		.ascii	"\001>AAQs\177\010\010\010\177\000A\177A\000 @A?\001"
  37      51737F08 
  37      08087F00 
  37      417F4100 
  37      2040413F 
  38 0177 7F081422 		.ascii	"\177\010\024\"A\177@@@@\177\002\034\002\177\177\004"
  38      417F4040 
  38      40407F02 
  38      1C027F7F 
  38      04
  39 0188 08107F3E 		.ascii	"\010\020\177>AAA>\177\011\011\011\006>AQ!^\177\011\031"
  39      4141413E 
ARM GAS  C:\Users\KhanhTD8\AppData\Local\Temp\cci10Btm.s 			page 3


  39      7F090909 
  39      063E4151 
  39      215E7F09 
  40 019d 29462649 		.ascii	")F&III2\003\001\177\001\003?@@@?\037 @ \037?@8@?c\024"
  40      49493203 
  40      017F0103 
  40      3F404040 
  40      3F1F2040 
  41 01ba 08146303 		.ascii	"\010\024c\003\004x\004\003aYIMC\000\177AAA\002\004\010"
  41      04780403 
  41      6159494D 
  41      43007F41 
  41      41410204 
  42 01cf 10200041 		.ascii	"\020 \000AAA\177\004\002\001\002\004@@@@@\000\003\007"
  42      41417F04 
  42      02010204 
  42      40404040 
  42      40000307 
  43 01e3 08002054 		.ascii	"\010\000 TTx@\177(DD88DDD(8DD(\1778TTT\030\000\010~"
  43      5478407F 
  43      28444438 
  43      38444444 
  43      28384444 
  44 0201 090218A4 		.ascii	"\011\002\030\244\244\234x\177\010\004\004x\000D}@\000"
  44      A49C787F 
  44      08040478 
  44      00447D40 
  44      00
  45 0212 2040403D 		.ascii	" @@=\000\177\020(D\000\000A\177@\000|\004x\004x|\010"
  45      007F1028 
  45      44000041 
  45      7F40007C 
  45      04780478 
  46 0228 04047838 		.ascii	"\004\004x8DDD8\374\030$$\030\030$$\030\374|\010\004"
  46      44444438 
  46      FC182424 
  46      18182424 
  46      18FC7C08 
  47 023d 04084854 		.ascii	"\004\010HTTT$\004\004?D$<@@ |\034 @ \034<@0@<D(\020"
  47      54542404 
  47      043F4424 
  47      3C404020 
  47      7C1C2040 
  48 025b 28444C90 		.ascii	"(DL\220\220\220|DdTLD\000\0106A\000\000\000w\000\000"
  48      90907C44 
  48      64544C44 
  48      00083641 
  48      00000077 
  49 0271 00413608 		.ascii	"\000A6\010\000\002\001\002\004\002<&#&<\036\241\241"
  49      00020102 
  49      04023C26 
  49      23263C1E 
  49      A1A1
  50 0283 61123A40 		.ascii	"a\022:@@ z8TTUY!UUyA\"TTxB!UTx@ TUy@\014\036Rr\0229"
  50      40207A38 
  50      54545559 
  50      21555579 
ARM GAS  C:\Users\KhanhTD8\AppData\Local\Temp\cci10Btm.s 			page 4


  50      41225454 
  51 02a9 55555559 		.ascii	"UUUY9TTTY9UTTX\000\000E|A\000\002E}B\000\001E|@}\022"
  51      39545454 
  51      59395554 
  51      54580000 
  51      457C4100 
  52 02c8 11127DF0 		.ascii	"\021\022}\360(%(\360|TUE\000 TT|T|\012\011\177I2III"
  52      282528F0 
  52      7C545545 
  52      00205454 
  52      7C547C0A 
  53 02e3 323A4444 		.ascii	"2:DDD:2JHH0:AA!z:B@ x\000\235\240\240}=BBB==@@@=<$\377"
  53      443A324A 
  53      4848303A 
  53      4141217A 
  53      3A424020 
  54 030a 2424487E 		.ascii	"$$H~ICf+/\374/+\377\011)\366 \300\210~\011\003 TTyA"
  54      4943662B 
  54      2FFC2F2B 
  54      FF0929F6 
  54      20C0887E 
  55 0325 0000447D 		.ascii	"\000\000D}A0HHJ28@@\"z\000z\012\012r}\015\0311}&))/"
  55      41304848 
  55      4A323840 
  55      40227A00 
  55      7A0A0A72 
  56 0342 28262929 		.ascii	"(&)))&0HM@ 8\010\010\010\010\010\010\010\0108/\020\310"
  56      29263048 
  56      4D402038 
  56      08080808 
  56      08080808 
  57 035a ACBA2F10 		.ascii	"\254\272/\020(4\372\000\000{\000\000\010\024*\024\""
  57      2834FA00 
  57      007B0000 
  57      08142A14 
  57      22
  58 036b 22142A14 		.ascii	"\"\024*\024\010U\000U\000U\252U\252U\252\377U\377U\377"
  58      08550055 
  58      0055AA55 
  58      AA55AAFF 
  58      55FF55FF 
  59 037f 000000FF 		.ascii	"\000\000\000\377\000\020\020\020\377\000\024\024\024"
  59      00101010 
  59      FF001414 
  59      14
  60 038c FF001010 		.ascii	"\377\000\020\020\377\000\377\020\020\360\020\360\024"
  60      FF00FF10 
  60      10F010F0 
  60      14
  61 0399 1414FC00 		.ascii	"\024\024\374\000\024\024\367\000\377\000\000\377\000"
  61      1414F700 
  61      FF0000FF 
  61      00
  62 03a6 FF1414F4 		.ascii	"\377\024\024\364\004\374\024\024\027\020\037\020\020"
  62      04FC1414 
  62      17101F10 
  62      10
ARM GAS  C:\Users\KhanhTD8\AppData\Local\Temp\cci10Btm.s 			page 5


  63 03b3 1F101F14 		.ascii	"\037\020\037\024\024\024\037\000\020\020\020\360\000"
  63      14141F00 
  63      101010F0 
  63      00
  64 03c0 0000001F 		.ascii	"\000\000\000\037\020\020\020\020\037\020\020\020\020"
  64      10101010 
  64      1F101010 
  64      10
  65 03cd F0100000 		.ascii	"\360\020\000\000\000\377\020\020\020\020\020\020\020"
  65      00FF1010 
  65      10101010 
  65      10
  66 03da 1010FF10 		.ascii	"\020\020\377\020\000\000\000\377\024\000\000\377\000"
  66      000000FF 
  66      140000FF 
  66      00
  67 03e7 FF00001F 		.ascii	"\377\000\000\037\020\027\000\000\374\004\364\024\024"
  67      10170000 
  67      FC04F414 
  67      14
  68 03f4 17101714 		.ascii	"\027\020\027\024\024\364\004\364\000\000\377\000\367"
  68      14F404F4 
  68      0000FF00 
  68      F7
  69 0401 14141414 		.ascii	"\024\024\024\024\024\024\024\367\000\367\024\024\024"
  69      141414F7 
  69      00F71414 
  69      14
  70 040e 17141010 		.ascii	"\027\024\020\020\037\020\037\024\024\024\364\024\020"
  70      1F101F14 
  70      1414F414 
  70      10
  71 041b 10F010F0 		.ascii	"\020\360\020\360\000\000\037\020\037\000\000\000\037"
  71      00001F10 
  71      1F000000 
  71      1F
  72 0428 14000000 		.ascii	"\024\000\000\000\374\024\000\000\360\020\360\020\020"
  72      FC140000 
  72      F010F010 
  72      10
  73 0435 FF10FF14 		.ascii	"\377\020\377\024\024\024\377\024\020\020\020\037\000"
  73      1414FF14 
  73      1010101F 
  73      00
  74 0442 000000F0 		.ascii	"\000\000\000\360\020\377\377\377\377\377\360\360\360"
  74      10FFFFFF 
  74      FFFFF0F0 
  74      F0
  75 044f F0F0FFFF 		.ascii	"\360\360\377\377\377\000\000\000\000\000\377\377\017"
  75      FF000000 
  75      0000FFFF 
  75      0F
  76 045c 0F0F0F0F 		.ascii	"\017\017\017\0178DD8D\374JJJ4~\002\002\006\006\002~"
  76      38444438 
  76      44FC4A4A 
  76      4A347E02 
  76      02060602 
ARM GAS  C:\Users\KhanhTD8\AppData\Local\Temp\cci10Btm.s 			page 6


  77 0471 027E0263 		.ascii	"\002~\002cUIAc8DD<\004@~ \036 \006\002~\002\002\231"
  77      55494163 
  77      3844443C 
  77      04407E20 
  77      1E200602 
  78 0489 A5E7A599 		.ascii	"\245\347\245\231\034*I*\034Lr\001rL0JMM00HxH0\274bZ"
  78      1C2A492A 
  78      1C4C7201 
  78      724C304A 
  78      4D4D3030 
  79 04a4 463D3E49 		.ascii	"F=>III\000~\001\001\001~*****DD_DD@QJD@@DJQ@\000\000"
  79      4949007E 
  79      0101017E 
  79      2A2A2A2A 
  79      2A44445F 
  80 04c6 FF0103E0 		.ascii	"\377\001\003\340\200\377\000\000\010\010kk\0106\022"
  80      80FF0000 
  80      08086B6B 
  80      083612
  81 04d5 36243606 		.ascii	"6$6\006\017\011\017\006\000\000\030\030\000\000\000"
  81      0F090F06 
  81      00001818 
  81      000000
  82 04e4 10100030 		.ascii	"\020\020\0000@\377\001\001\000\037\001\001\036\000\031"
  82      40FF0101 
  82      001F0101 
  82      1E0019
  83 04f3 1D171200 		.ascii	"\035\027\022\000<<<<\000\000\000\000\000"
  83      3C3C3C3C 
  83      00000000 
  83      00
  84              		.ident	"GCC: (GNU Arm Embedded Toolchain 9-2020-q2-update) 9.3.1 20200408 (release)"
ARM GAS  C:\Users\KhanhTD8\AppData\Local\Temp\cci10Btm.s 			page 7


DEFINED SYMBOLS
                            *ABS*:00000000 glcdfont.c
C:\Users\KhanhTD8\AppData\Local\Temp\cci10Btm.s:18     .rodata.font:00000000 font

NO UNDEFINED SYMBOLS
