ARM GAS  C:\Users\KhanhTD8\AppData\Local\Temp\cckJ18di.s 			page 1


   1              		.cpu cortex-m7
   2              		.eabi_attribute 28, 1
   3              		.eabi_attribute 20, 1
   4              		.eabi_attribute 21, 1
   5              		.eabi_attribute 23, 3
   6              		.eabi_attribute 24, 1
   7              		.eabi_attribute 25, 1
   8              		.eabi_attribute 26, 1
   9              		.eabi_attribute 30, 4
  10              		.eabi_attribute 34, 1
  11              		.eabi_attribute 18, 4
  12              		.file	"stm32h7xx_ll_pwr.c"
  13              		.text
  14              		.section	.text.LL_PWR_DeInit,"ax",%progbits
  15              		.align	1
  16              		.global	LL_PWR_DeInit
  17              		.arch armv7e-m
  18              		.syntax unified
  19              		.thumb
  20              		.thumb_func
  21              		.fpu fpv5-d16
  23              	LL_PWR_DeInit:
  24              		@ args = 0, pretend = 0, frame = 0
  25              		@ frame_needed = 0, uses_anonymous_args = 0
  26              		@ link register save eliminated.
  27 0000 024B     		ldr	r3, .L2
  28 0002 3F22     		movs	r2, #63
  29 0004 0020     		movs	r0, #0
  30 0006 1A62     		str	r2, [r3, #32]
  31 0008 7047     		bx	lr
  32              	.L3:
  33 000a 00BF     		.align	2
  34              	.L2:
  35 000c 00480258 		.word	1476544512
  37              		.ident	"GCC: (GNU Arm Embedded Toolchain 9-2020-q2-update) 9.3.1 20200408 (release)"
ARM GAS  C:\Users\KhanhTD8\AppData\Local\Temp\cckJ18di.s 			page 2


DEFINED SYMBOLS
                            *ABS*:00000000 stm32h7xx_ll_pwr.c
C:\Users\KhanhTD8\AppData\Local\Temp\cckJ18di.s:15     .text.LL_PWR_DeInit:00000000 $t
C:\Users\KhanhTD8\AppData\Local\Temp\cckJ18di.s:23     .text.LL_PWR_DeInit:00000000 LL_PWR_DeInit
C:\Users\KhanhTD8\AppData\Local\Temp\cckJ18di.s:35     .text.LL_PWR_DeInit:0000000c $d

NO UNDEFINED SYMBOLS
