ARM GAS  C:\Users\KhanhTD8\AppData\Local\Temp\ccXbRWf6.s 			page 1


   1              		.cpu cortex-m7
   2              		.eabi_attribute 28, 1
   3              		.eabi_attribute 20, 1
   4              		.eabi_attribute 21, 1
   5              		.eabi_attribute 23, 3
   6              		.eabi_attribute 24, 1
   7              		.eabi_attribute 25, 1
   8              		.eabi_attribute 26, 1
   9              		.eabi_attribute 30, 4
  10              		.eabi_attribute 34, 1
  11              		.eabi_attribute 18, 4
  12              		.file	"stm32h7xx_ll_dma.c"
  13              		.text
  14              		.section	.text.LL_DMA_DeInit,"ax",%progbits
  15              		.align	1
  16              		.global	LL_DMA_DeInit
  17              		.arch armv7e-m
  18              		.syntax unified
  19              		.thumb
  20              		.thumb_func
  21              		.fpu fpv5-d16
  23              	LL_DMA_DeInit:
  24              		@ args = 0, pretend = 0, frame = 0
  25              		@ frame_needed = 0, uses_anonymous_args = 0
  26 0000 11F5803F 		cmn	r1, #65536
  27 0004 0246     		mov	r2, r0
  28 0006 5848     		ldr	r0, .L38
  29 0008 30B5     		push	{r4, r5, lr}
  30 000a 21D1     		bne	.L2
  31 000c 8242     		cmp	r2, r0
  32 000e 0ED1     		bne	.L3
  33 0010 564B     		ldr	r3, .L38+4
  34 0012 D3F88020 		ldr	r2, [r3, #128]
  35 0016 42F00102 		orr	r2, r2, #1
  36 001a C3F88020 		str	r2, [r3, #128]
  37 001e D3F88020 		ldr	r2, [r3, #128]
  38 0022 22F00102 		bic	r2, r2, #1
  39              	.L36:
  40 0026 C3F88020 		str	r2, [r3, #128]
  41              	.L34:
  42 002a 0020     		movs	r0, #0
  43 002c 03E0     		b	.L4
  44              	.L3:
  45 002e 504B     		ldr	r3, .L38+8
  46 0030 9A42     		cmp	r2, r3
  47 0032 01D0     		beq	.L5
  48              	.L29:
  49 0034 0120     		movs	r0, #1
  50              	.L4:
  51 0036 30BD     		pop	{r4, r5, pc}
  52              	.L5:
  53 0038 4C4B     		ldr	r3, .L38+4
  54 003a D3F88020 		ldr	r2, [r3, #128]
  55 003e 42F00202 		orr	r2, r2, #2
  56 0042 C3F88020 		str	r2, [r3, #128]
  57 0046 D3F88020 		ldr	r2, [r3, #128]
  58 004a 22F00202 		bic	r2, r2, #2
ARM GAS  C:\Users\KhanhTD8\AppData\Local\Temp\ccXbRWf6.s 			page 2


  59 004e EAE7     		b	.L36
  60              	.L2:
  61 0050 484B     		ldr	r3, .L38+12
  62 0052 8242     		cmp	r2, r0
  63 0054 5C5C     		ldrb	r4, [r3, r1]	@ zero_extendqisi2
  64 0056 1359     		ldr	r3, [r2, r4]
  65 0058 23F00103 		bic	r3, r3, #1
  66 005c 1351     		str	r3, [r2, r4]
  67 005e 1DD1     		bne	.L6
  68 0060 11BB     		cbnz	r1, .L7
  69 0062 454B     		ldr	r3, .L38+16
  70              	.L8:
  71 0064 0020     		movs	r0, #0
  72 0066 2124     		movs	r4, #33
  73 0068 1860     		str	r0, [r3]
  74 006a 5860     		str	r0, [r3, #4]
  75 006c 9860     		str	r0, [r3, #8]
  76 006e D860     		str	r0, [r3, #12]
  77 0070 1861     		str	r0, [r3, #16]
  78 0072 5C61     		str	r4, [r3, #20]
  79 0074 01F18054 		add	r4, r1, #268435456
  80 0078 3B4B     		ldr	r3, .L38
  81 007a 04F50244 		add	r4, r4, #33280
  82 007e 9A42     		cmp	r2, r3
  83 0080 14BF     		ite	ne
  84 0082 2023     		movne	r3, #32
  85 0084 0346     		moveq	r3, r0
  86 0086 53F82450 		ldr	r5, [r3, r4, lsl #2]
  87 008a 25F0FF05 		bic	r5, r5, #255
  88 008e 43F82450 		str	r5, [r3, r4, lsl #2]
  89 0092 0029     		cmp	r1, #0
  90 0094 42D1     		bne	.L22
  91 0096 3F23     		movs	r3, #63
  92 0098 9360     		str	r3, [r2, #8]
  93 009a C6E7     		b	.L34
  94              	.L6:
  95 009c 344B     		ldr	r3, .L38+8
  96 009e 9A42     		cmp	r2, r3
  97 00a0 3AD1     		bne	.L30
  98 00a2 29B9     		cbnz	r1, .L9
  99 00a4 1033     		adds	r3, r3, #16
 100 00a6 DDE7     		b	.L8
 101              	.L7:
 102 00a8 0129     		cmp	r1, #1
 103 00aa 05D1     		bne	.L10
 104 00ac 334B     		ldr	r3, .L38+20
 105 00ae D9E7     		b	.L8
 106              	.L9:
 107 00b0 0129     		cmp	r1, #1
 108 00b2 05D1     		bne	.L11
 109 00b4 324B     		ldr	r3, .L38+24
 110 00b6 D5E7     		b	.L8
 111              	.L10:
 112 00b8 0229     		cmp	r1, #2
 113 00ba 05D1     		bne	.L12
 114 00bc 314B     		ldr	r3, .L38+28
 115 00be D1E7     		b	.L8
ARM GAS  C:\Users\KhanhTD8\AppData\Local\Temp\ccXbRWf6.s 			page 3


 116              	.L11:
 117 00c0 0229     		cmp	r1, #2
 118 00c2 05D1     		bne	.L13
 119 00c4 304B     		ldr	r3, .L38+32
 120 00c6 CDE7     		b	.L8
 121              	.L12:
 122 00c8 0329     		cmp	r1, #3
 123 00ca 05D1     		bne	.L14
 124 00cc 2F4B     		ldr	r3, .L38+36
 125 00ce C9E7     		b	.L8
 126              	.L13:
 127 00d0 0329     		cmp	r1, #3
 128 00d2 05D1     		bne	.L15
 129 00d4 2E4B     		ldr	r3, .L38+40
 130 00d6 C5E7     		b	.L8
 131              	.L14:
 132 00d8 0429     		cmp	r1, #4
 133 00da 05D1     		bne	.L16
 134 00dc 2D4B     		ldr	r3, .L38+44
 135 00de C1E7     		b	.L8
 136              	.L15:
 137 00e0 0429     		cmp	r1, #4
 138 00e2 05D1     		bne	.L17
 139 00e4 2C4B     		ldr	r3, .L38+48
 140 00e6 BDE7     		b	.L8
 141              	.L16:
 142 00e8 0529     		cmp	r1, #5
 143 00ea 05D1     		bne	.L18
 144 00ec 2B4B     		ldr	r3, .L38+52
 145 00ee B9E7     		b	.L8
 146              	.L17:
 147 00f0 0529     		cmp	r1, #5
 148 00f2 05D1     		bne	.L19
 149 00f4 2A4B     		ldr	r3, .L38+56
 150 00f6 B5E7     		b	.L8
 151              	.L18:
 152 00f8 0629     		cmp	r1, #6
 153 00fa 07D1     		bne	.L20
 154 00fc 294B     		ldr	r3, .L38+60
 155 00fe B1E7     		b	.L8
 156              	.L19:
 157 0100 294B     		ldr	r3, .L38+64
 158 0102 2A48     		ldr	r0, .L38+68
 159 0104 0629     		cmp	r1, #6
 160 0106 18BF     		it	ne
 161 0108 0346     		movne	r3, r0
 162 010a ABE7     		b	.L8
 163              	.L20:
 164 010c 284B     		ldr	r3, .L38+72
 165 010e 2748     		ldr	r0, .L38+68
 166 0110 0729     		cmp	r1, #7
 167 0112 18BF     		it	ne
 168 0114 0346     		movne	r3, r0
 169 0116 A5E7     		b	.L8
 170              	.L30:
 171 0118 244B     		ldr	r3, .L38+68
 172 011a A3E7     		b	.L8
ARM GAS  C:\Users\KhanhTD8\AppData\Local\Temp\ccXbRWf6.s 			page 4


 173              	.L22:
 174 011c 0129     		cmp	r1, #1
 175 011e 03D1     		bne	.L23
 176 0120 4FF47463 		mov	r3, #3904
 177              	.L37:
 178 0124 9360     		str	r3, [r2, #8]
 179 0126 86E7     		b	.L4
 180              	.L23:
 181 0128 0229     		cmp	r1, #2
 182 012a 02D1     		bne	.L24
 183 012c 4FF47C13 		mov	r3, #4128768
 184 0130 F8E7     		b	.L37
 185              	.L24:
 186 0132 0329     		cmp	r1, #3
 187 0134 02D1     		bne	.L25
 188 0136 4FF07463 		mov	r3, #255852544
 189 013a F3E7     		b	.L37
 190              	.L25:
 191 013c 0429     		cmp	r1, #4
 192 013e 02D1     		bne	.L26
 193 0140 3F23     		movs	r3, #63
 194              	.L35:
 195 0142 D360     		str	r3, [r2, #12]
 196 0144 77E7     		b	.L4
 197              	.L26:
 198 0146 0529     		cmp	r1, #5
 199 0148 02D1     		bne	.L27
 200 014a 4FF47463 		mov	r3, #3904
 201 014e F8E7     		b	.L35
 202              	.L27:
 203 0150 0629     		cmp	r1, #6
 204 0152 02D1     		bne	.L28
 205 0154 4FF47C13 		mov	r3, #4128768
 206 0158 F3E7     		b	.L35
 207              	.L28:
 208 015a 0729     		cmp	r1, #7
 209 015c 7FF46AAF 		bne	.L29
 210 0160 4FF07463 		mov	r3, #255852544
 211 0164 EDE7     		b	.L35
 212              	.L39:
 213 0166 00BF     		.align	2
 214              	.L38:
 215 0168 00000240 		.word	1073872896
 216 016c 00440258 		.word	1476543488
 217 0170 00040240 		.word	1073873920
 218 0174 00000000 		.word	.LANCHOR0
 219 0178 10000240 		.word	1073872912
 220 017c 28000240 		.word	1073872936
 221 0180 28040240 		.word	1073873960
 222 0184 40000240 		.word	1073872960
 223 0188 40040240 		.word	1073873984
 224 018c 58000240 		.word	1073872984
 225 0190 58040240 		.word	1073874008
 226 0194 70000240 		.word	1073873008
 227 0198 70040240 		.word	1073874032
 228 019c 88000240 		.word	1073873032
 229 01a0 88040240 		.word	1073874056
ARM GAS  C:\Users\KhanhTD8\AppData\Local\Temp\ccXbRWf6.s 			page 5


 230 01a4 A0000240 		.word	1073873056
 231 01a8 A0040240 		.word	1073874080
 232 01ac B8040240 		.word	1073874104
 233 01b0 B8000240 		.word	1073873080
 235              		.section	.text.LL_DMA_Init,"ax",%progbits
 236              		.align	1
 237              		.global	LL_DMA_Init
 238              		.syntax unified
 239              		.thumb
 240              		.thumb_func
 241              		.fpu fpv5-d16
 243              	LL_DMA_Init:
 244              		@ args = 0, pretend = 0, frame = 0
 245              		@ frame_needed = 0, uses_anonymous_args = 0
 246 0000 244B     		ldr	r3, .L47
 247 0002 F0B5     		push	{r4, r5, r6, r7, lr}
 248 0004 5D5C     		ldrb	r5, [r3, r1]	@ zero_extendqisi2
 249 0006 D2E90237 		ldrd	r3, r7, [r2, #8]
 250 000a 4659     		ldr	r6, [r0, r5]
 251 000c 4419     		adds	r4, r0, r5
 252 000e 3B43     		orrs	r3, r3, r7
 253 0010 1769     		ldr	r7, [r2, #16]
 254 0012 26F45F36 		bic	r6, r6, #228352
 255 0016 3B43     		orrs	r3, r3, r7
 256 0018 5769     		ldr	r7, [r2, #20]
 257 001a 26F47876 		bic	r6, r6, #992
 258 001e 3B43     		orrs	r3, r3, r7
 259 0020 9769     		ldr	r7, [r2, #24]
 260 0022 3B43     		orrs	r3, r3, r7
 261 0024 D769     		ldr	r7, [r2, #28]
 262 0026 3B43     		orrs	r3, r3, r7
 263 0028 976A     		ldr	r7, [r2, #40]
 264 002a 3B43     		orrs	r3, r3, r7
 265 002c 3343     		orrs	r3, r3, r6
 266 002e 4351     		str	r3, [r0, r5]
 267 0030 D36A     		ldr	r3, [r2, #44]
 268 0032 93B1     		cbz	r3, .L41
 269 0034 6669     		ldr	r6, [r4, #20]
 270 0036 176B     		ldr	r7, [r2, #48]
 271 0038 26F00706 		bic	r6, r6, #7
 272 003c 3B43     		orrs	r3, r3, r7
 273 003e 3343     		orrs	r3, r3, r6
 274 0040 566B     		ldr	r6, [r2, #52]
 275 0042 6361     		str	r3, [r4, #20]
 276 0044 4359     		ldr	r3, [r0, r5]
 277 0046 23F0C073 		bic	r3, r3, #25165824
 278 004a 3343     		orrs	r3, r3, r6
 279 004c 966B     		ldr	r6, [r2, #56]
 280 004e 4351     		str	r3, [r0, r5]
 281 0050 4359     		ldr	r3, [r0, r5]
 282 0052 23F4C003 		bic	r3, r3, #6291456
 283 0056 3343     		orrs	r3, r3, r6
 284 0058 4351     		str	r3, [r0, r5]
 285              	.L41:
 286 005a 5368     		ldr	r3, [r2, #4]
 287 005c 01F18051 		add	r1, r1, #268435456
 288 0060 156A     		ldr	r5, [r2, #32]
ARM GAS  C:\Users\KhanhTD8\AppData\Local\Temp\ccXbRWf6.s 			page 6


 289 0062 E360     		str	r3, [r4, #12]
 290 0064 01F50241 		add	r1, r1, #33280
 291 0068 1368     		ldr	r3, [r2]
 292 006a 526A     		ldr	r2, [r2, #36]
 293 006c A360     		str	r3, [r4, #8]
 294 006e 6368     		ldr	r3, [r4, #4]
 295 0070 1B0C     		lsrs	r3, r3, #16
 296 0072 1B04     		lsls	r3, r3, #16
 297 0074 2B43     		orrs	r3, r3, r5
 298 0076 6360     		str	r3, [r4, #4]
 299 0078 074B     		ldr	r3, .L47+4
 300 007a 9842     		cmp	r0, r3
 301 007c 14BF     		ite	ne
 302 007e 2020     		movne	r0, #32
 303 0080 0020     		moveq	r0, #0
 304 0082 50F82130 		ldr	r3, [r0, r1, lsl #2]
 305 0086 23F0FF03 		bic	r3, r3, #255
 306 008a 1343     		orrs	r3, r3, r2
 307 008c 40F82130 		str	r3, [r0, r1, lsl #2]
 308 0090 0020     		movs	r0, #0
 309 0092 F0BD     		pop	{r4, r5, r6, r7, pc}
 310              	.L48:
 311              		.align	2
 312              	.L47:
 313 0094 00000000 		.word	.LANCHOR0
 314 0098 00000240 		.word	1073872896
 316              		.section	.text.LL_DMA_StructInit,"ax",%progbits
 317              		.align	1
 318              		.global	LL_DMA_StructInit
 319              		.syntax unified
 320              		.thumb
 321              		.thumb_func
 322              		.fpu fpv5-d16
 324              	LL_DMA_StructInit:
 325              		@ args = 0, pretend = 0, frame = 0
 326              		@ frame_needed = 0, uses_anonymous_args = 0
 327              		@ link register save eliminated.
 328 0000 0023     		movs	r3, #0
 329 0002 C0E90033 		strd	r3, r3, [r0]
 330 0006 C0E90233 		strd	r3, r3, [r0, #8]
 331 000a C0E90433 		strd	r3, r3, [r0, #16]
 332 000e C0E90633 		strd	r3, r3, [r0, #24]
 333 0012 C0E90833 		strd	r3, r3, [r0, #32]
 334 0016 C0E90A33 		strd	r3, r3, [r0, #40]
 335 001a C0E90C33 		strd	r3, r3, [r0, #48]
 336 001e 8363     		str	r3, [r0, #56]
 337 0020 7047     		bx	lr
 339              		.section	.rodata.LL_DMA_STR_OFFSET_TAB,"a"
 340              		.set	.LANCHOR0,. + 0
 343              	LL_DMA_STR_OFFSET_TAB:
 344 0000 10284058 		.ascii	"\020(@Xp\210\240\270"
 344      7088A0B8 
 345              		.ident	"GCC: (GNU Arm Embedded Toolchain 9-2020-q2-update) 9.3.1 20200408 (release)"
ARM GAS  C:\Users\KhanhTD8\AppData\Local\Temp\ccXbRWf6.s 			page 7


DEFINED SYMBOLS
                            *ABS*:00000000 stm32h7xx_ll_dma.c
C:\Users\KhanhTD8\AppData\Local\Temp\ccXbRWf6.s:15     .text.LL_DMA_DeInit:00000000 $t
C:\Users\KhanhTD8\AppData\Local\Temp\ccXbRWf6.s:23     .text.LL_DMA_DeInit:00000000 LL_DMA_DeInit
C:\Users\KhanhTD8\AppData\Local\Temp\ccXbRWf6.s:215    .text.LL_DMA_DeInit:00000168 $d
C:\Users\KhanhTD8\AppData\Local\Temp\ccXbRWf6.s:236    .text.LL_DMA_Init:00000000 $t
C:\Users\KhanhTD8\AppData\Local\Temp\ccXbRWf6.s:243    .text.LL_DMA_Init:00000000 LL_DMA_Init
C:\Users\KhanhTD8\AppData\Local\Temp\ccXbRWf6.s:313    .text.LL_DMA_Init:00000094 $d
C:\Users\KhanhTD8\AppData\Local\Temp\ccXbRWf6.s:317    .text.LL_DMA_StructInit:00000000 $t
C:\Users\KhanhTD8\AppData\Local\Temp\ccXbRWf6.s:324    .text.LL_DMA_StructInit:00000000 LL_DMA_StructInit
C:\Users\KhanhTD8\AppData\Local\Temp\ccXbRWf6.s:343    .rodata.LL_DMA_STR_OFFSET_TAB:00000000 LL_DMA_STR_OFFSET_TAB

NO UNDEFINED SYMBOLS
