ARM GAS  C:\Users\KhanhTD8\AppData\Local\Temp\ccq7QNOA.s 			page 1


   1              		.cpu cortex-m7
   2              		.eabi_attribute 28, 1
   3              		.eabi_attribute 20, 1
   4              		.eabi_attribute 21, 1
   5              		.eabi_attribute 23, 3
   6              		.eabi_attribute 24, 1
   7              		.eabi_attribute 25, 1
   8              		.eabi_attribute 26, 1
   9              		.eabi_attribute 30, 4
  10              		.eabi_attribute 34, 1
  11              		.eabi_attribute 18, 4
  12              		.file	"stm32h7xx_it.c"
  13              		.text
  14              		.section	.text.NMI_Handler,"ax",%progbits
  15              		.align	1
  16              		.global	NMI_Handler
  17              		.arch armv7e-m
  18              		.syntax unified
  19              		.thumb
  20              		.thumb_func
  21              		.fpu fpv5-d16
  23              	NMI_Handler:
  24              		@ args = 0, pretend = 0, frame = 0
  25              		@ frame_needed = 0, uses_anonymous_args = 0
  26              		@ link register save eliminated.
  27 0000 7047     		bx	lr
  29              		.section	.text.HardFault_Handler,"ax",%progbits
  30              		.align	1
  31              		.global	HardFault_Handler
  32              		.syntax unified
  33              		.thumb
  34              		.thumb_func
  35              		.fpu fpv5-d16
  37              	HardFault_Handler:
  38              		@ Volatile: function does not return.
  39              		@ args = 0, pretend = 0, frame = 0
  40              		@ frame_needed = 0, uses_anonymous_args = 0
  41              		@ link register save eliminated.
  42              	.L3:
  43 0000 FEE7     		b	.L3
  45              		.section	.text.MemManage_Handler,"ax",%progbits
  46              		.align	1
  47              		.global	MemManage_Handler
  48              		.syntax unified
  49              		.thumb
  50              		.thumb_func
  51              		.fpu fpv5-d16
  53              	MemManage_Handler:
  54              		@ Volatile: function does not return.
  55              		@ args = 0, pretend = 0, frame = 0
  56              		@ frame_needed = 0, uses_anonymous_args = 0
  57              		@ link register save eliminated.
  58              	.L5:
  59 0000 FEE7     		b	.L5
  61              		.section	.text.BusFault_Handler,"ax",%progbits
  62              		.align	1
  63              		.global	BusFault_Handler
ARM GAS  C:\Users\KhanhTD8\AppData\Local\Temp\ccq7QNOA.s 			page 2


  64              		.syntax unified
  65              		.thumb
  66              		.thumb_func
  67              		.fpu fpv5-d16
  69              	BusFault_Handler:
  70              		@ Volatile: function does not return.
  71              		@ args = 0, pretend = 0, frame = 0
  72              		@ frame_needed = 0, uses_anonymous_args = 0
  73              		@ link register save eliminated.
  74              	.L7:
  75 0000 FEE7     		b	.L7
  77              		.section	.text.UsageFault_Handler,"ax",%progbits
  78              		.align	1
  79              		.global	UsageFault_Handler
  80              		.syntax unified
  81              		.thumb
  82              		.thumb_func
  83              		.fpu fpv5-d16
  85              	UsageFault_Handler:
  86              		@ Volatile: function does not return.
  87              		@ args = 0, pretend = 0, frame = 0
  88              		@ frame_needed = 0, uses_anonymous_args = 0
  89              		@ link register save eliminated.
  90              	.L9:
  91 0000 FEE7     		b	.L9
  93              		.section	.text.SVC_Handler,"ax",%progbits
  94              		.align	1
  95              		.global	SVC_Handler
  96              		.syntax unified
  97              		.thumb
  98              		.thumb_func
  99              		.fpu fpv5-d16
 101              	SVC_Handler:
 102              		@ args = 0, pretend = 0, frame = 0
 103              		@ frame_needed = 0, uses_anonymous_args = 0
 104              		@ link register save eliminated.
 105 0000 7047     		bx	lr
 107              		.section	.text.DebugMon_Handler,"ax",%progbits
 108              		.align	1
 109              		.global	DebugMon_Handler
 110              		.syntax unified
 111              		.thumb
 112              		.thumb_func
 113              		.fpu fpv5-d16
 115              	DebugMon_Handler:
 116              		@ args = 0, pretend = 0, frame = 0
 117              		@ frame_needed = 0, uses_anonymous_args = 0
 118              		@ link register save eliminated.
 119 0000 7047     		bx	lr
 121              		.section	.text.PendSV_Handler,"ax",%progbits
 122              		.align	1
 123              		.global	PendSV_Handler
 124              		.syntax unified
 125              		.thumb
 126              		.thumb_func
 127              		.fpu fpv5-d16
 129              	PendSV_Handler:
ARM GAS  C:\Users\KhanhTD8\AppData\Local\Temp\ccq7QNOA.s 			page 3


 130              		@ args = 0, pretend = 0, frame = 0
 131              		@ frame_needed = 0, uses_anonymous_args = 0
 132              		@ link register save eliminated.
 133 0000 7047     		bx	lr
 135              		.section	.text.SysTick_Handler,"ax",%progbits
 136              		.align	1
 137              		.global	SysTick_Handler
 138              		.syntax unified
 139              		.thumb
 140              		.thumb_func
 141              		.fpu fpv5-d16
 143              	SysTick_Handler:
 144              		@ args = 0, pretend = 0, frame = 0
 145              		@ frame_needed = 0, uses_anonymous_args = 0
 146              		@ link register save eliminated.
 147 0000 7047     		bx	lr
 149              		.section	.text.TIM4_IRQHandler,"ax",%progbits
 150              		.align	1
 151              		.global	TIM4_IRQHandler
 152              		.syntax unified
 153              		.thumb
 154              		.thumb_func
 155              		.fpu fpv5-d16
 157              	TIM4_IRQHandler:
 158              		@ args = 0, pretend = 0, frame = 0
 159              		@ frame_needed = 0, uses_anonymous_args = 0
 160              		@ link register save eliminated.
 161 0000 FFF7FEBF 		b	IRQ_ProcessMonitor
 163              		.ident	"GCC: (GNU Arm Embedded Toolchain 9-2020-q2-update) 9.3.1 20200408 (release)"
ARM GAS  C:\Users\KhanhTD8\AppData\Local\Temp\ccq7QNOA.s 			page 4


DEFINED SYMBOLS
                            *ABS*:00000000 stm32h7xx_it.c
C:\Users\KhanhTD8\AppData\Local\Temp\ccq7QNOA.s:15     .text.NMI_Handler:00000000 $t
C:\Users\KhanhTD8\AppData\Local\Temp\ccq7QNOA.s:23     .text.NMI_Handler:00000000 NMI_Handler
C:\Users\KhanhTD8\AppData\Local\Temp\ccq7QNOA.s:30     .text.HardFault_Handler:00000000 $t
C:\Users\KhanhTD8\AppData\Local\Temp\ccq7QNOA.s:37     .text.HardFault_Handler:00000000 HardFault_Handler
C:\Users\KhanhTD8\AppData\Local\Temp\ccq7QNOA.s:46     .text.MemManage_Handler:00000000 $t
C:\Users\KhanhTD8\AppData\Local\Temp\ccq7QNOA.s:53     .text.MemManage_Handler:00000000 MemManage_Handler
C:\Users\KhanhTD8\AppData\Local\Temp\ccq7QNOA.s:62     .text.BusFault_Handler:00000000 $t
C:\Users\KhanhTD8\AppData\Local\Temp\ccq7QNOA.s:69     .text.BusFault_Handler:00000000 BusFault_Handler
C:\Users\KhanhTD8\AppData\Local\Temp\ccq7QNOA.s:78     .text.UsageFault_Handler:00000000 $t
C:\Users\KhanhTD8\AppData\Local\Temp\ccq7QNOA.s:85     .text.UsageFault_Handler:00000000 UsageFault_Handler
C:\Users\KhanhTD8\AppData\Local\Temp\ccq7QNOA.s:94     .text.SVC_Handler:00000000 $t
C:\Users\KhanhTD8\AppData\Local\Temp\ccq7QNOA.s:101    .text.SVC_Handler:00000000 SVC_Handler
C:\Users\KhanhTD8\AppData\Local\Temp\ccq7QNOA.s:108    .text.DebugMon_Handler:00000000 $t
C:\Users\KhanhTD8\AppData\Local\Temp\ccq7QNOA.s:115    .text.DebugMon_Handler:00000000 DebugMon_Handler
C:\Users\KhanhTD8\AppData\Local\Temp\ccq7QNOA.s:122    .text.PendSV_Handler:00000000 $t
C:\Users\KhanhTD8\AppData\Local\Temp\ccq7QNOA.s:129    .text.PendSV_Handler:00000000 PendSV_Handler
C:\Users\KhanhTD8\AppData\Local\Temp\ccq7QNOA.s:136    .text.SysTick_Handler:00000000 $t
C:\Users\KhanhTD8\AppData\Local\Temp\ccq7QNOA.s:143    .text.SysTick_Handler:00000000 SysTick_Handler
C:\Users\KhanhTD8\AppData\Local\Temp\ccq7QNOA.s:150    .text.TIM4_IRQHandler:00000000 $t
C:\Users\KhanhTD8\AppData\Local\Temp\ccq7QNOA.s:157    .text.TIM4_IRQHandler:00000000 TIM4_IRQHandler

UNDEFINED SYMBOLS
IRQ_ProcessMonitor
